running egg_info
writing build/controller_tutorials/controller_tutorials.egg-info/PKG-INFO
writing dependency_links to build/controller_tutorials/controller_tutorials.egg-info/dependency_links.txt
writing entry points to build/controller_tutorials/controller_tutorials.egg-info/entry_points.txt
writing requirements to build/controller_tutorials/controller_tutorials.egg-info/requires.txt
writing top-level names to build/controller_tutorials/controller_tutorials.egg-info/top_level.txt
reading manifest file 'build/controller_tutorials/controller_tutorials.egg-info/SOURCES.txt'
writing manifest file 'build/controller_tutorials/controller_tutorials.egg-info/SOURCES.txt'
running build
running build_py
running install
running install_lib
running install_data
running install_egg_info
removing '/home/woolim/Documents/for_ROS2_study/R2R 실전편 Turtlesim move controller 코드/controller_tutorials/install/controller_tutorials/lib/python3.12/site-packages/controller_tutorials-0.0.0-py3.12.egg-info' (and everything under it)
Copying build/controller_tutorials/controller_tutorials.egg-info to /home/woolim/Documents/for_ROS2_study/R2R 실전편 Turtlesim move controller 코드/controller_tutorials/install/controller_tutorials/lib/python3.12/site-packages/controller_tutorials-0.0.0-py3.12.egg-info
running install_scripts
Installing control_rotate script to /home/woolim/Documents/for_ROS2_study/R2R 실전편 Turtlesim move controller 코드/controller_tutorials/install/controller_tutorials/lib/controller_tutorials
Installing monitor_for_move_turtle script to /home/woolim/Documents/for_ROS2_study/R2R 실전편 Turtlesim move controller 코드/controller_tutorials/install/controller_tutorials/lib/controller_tutorials
Installing move_turtle script to /home/woolim/Documents/for_ROS2_study/R2R 실전편 Turtlesim move controller 코드/controller_tutorials/install/controller_tutorials/lib/controller_tutorials
Installing move_turtle_state_machine script to /home/woolim/Documents/for_ROS2_study/R2R 실전편 Turtlesim move controller 코드/controller_tutorials/install/controller_tutorials/lib/controller_tutorials
Installing pose_dual_controller script to /home/woolim/Documents/for_ROS2_study/R2R 실전편 Turtlesim move controller 코드/controller_tutorials/install/controller_tutorials/lib/controller_tutorials
Installing qmonitor_for_pose_dual_controller script to /home/woolim/Documents/for_ROS2_study/R2R 실전편 Turtlesim move controller 코드/controller_tutorials/install/controller_tutorials/lib/controller_tutorials
Installing qmonitor_state_machine script to /home/woolim/Documents/for_ROS2_study/R2R 실전편 Turtlesim move controller 코드/controller_tutorials/install/controller_tutorials/lib/controller_tutorials
Installing simple_rotate script to /home/woolim/Documents/for_ROS2_study/R2R 실전편 Turtlesim move controller 코드/controller_tutorials/install/controller_tutorials/lib/controller_tutorials
writing list of installed files to '/home/woolim/Documents/for_ROS2_study/R2R 실전편 Turtlesim move controller 코드/controller_tutorials/build/controller_tutorials/install.log'
