running egg_info
creating build/controller_tutorials/controller_tutorials.egg-info
writing build/controller_tutorials/controller_tutorials.egg-info/PKG-INFO
writing dependency_links to build/controller_tutorials/controller_tutorials.egg-info/dependency_links.txt
writing entry points to build/controller_tutorials/controller_tutorials.egg-info/entry_points.txt
writing requirements to build/controller_tutorials/controller_tutorials.egg-info/requires.txt
writing top-level names to build/controller_tutorials/controller_tutorials.egg-info/top_level.txt
writing manifest file 'build/controller_tutorials/controller_tutorials.egg-info/SOURCES.txt'
reading manifest file 'build/controller_tutorials/controller_tutorials.egg-info/SOURCES.txt'
writing manifest file 'build/controller_tutorials/controller_tutorials.egg-info/SOURCES.txt'
running build
running build_py
creating /home/woolim/Documents/for_ROS2_study/R2R 실전편 Turtlesim move controller 코드/controller_tutorials/build/controller_tutorials/build
creating /home/woolim/Documents/for_ROS2_study/R2R 실전편 Turtlesim move controller 코드/controller_tutorials/build/controller_tutorials/build/lib
creating /home/woolim/Documents/for_ROS2_study/R2R 실전편 Turtlesim move controller 코드/controller_tutorials/build/controller_tutorials/build/lib/controller_tutorials
copying controller_tutorials/control_apps.py -> /home/woolim/Documents/for_ROS2_study/R2R 실전편 Turtlesim move controller 코드/controller_tutorials/build/controller_tutorials/build/lib/controller_tutorials
copying controller_tutorials/__init__.py -> /home/woolim/Documents/for_ROS2_study/R2R 실전편 Turtlesim move controller 코드/controller_tutorials/build/controller_tutorials/build/lib/controller_tutorials
copying controller_tutorials/qmonitor_for_pose_dual_controller.py -> /home/woolim/Documents/for_ROS2_study/R2R 실전편 Turtlesim move controller 코드/controller_tutorials/build/controller_tutorials/build/lib/controller_tutorials
copying controller_tutorials/web_publisher_node.py -> /home/woolim/Documents/for_ROS2_study/R2R 실전편 Turtlesim move controller 코드/controller_tutorials/build/controller_tutorials/build/lib/controller_tutorials
copying controller_tutorials/simple_rotate.py -> /home/woolim/Documents/for_ROS2_study/R2R 실전편 Turtlesim move controller 코드/controller_tutorials/build/controller_tutorials/build/lib/controller_tutorials
copying controller_tutorials/move_turtle_state_machine.py -> /home/woolim/Documents/for_ROS2_study/R2R 실전편 Turtlesim move controller 코드/controller_tutorials/build/controller_tutorials/build/lib/controller_tutorials
copying controller_tutorials/pose_dual_controller.py -> /home/woolim/Documents/for_ROS2_study/R2R 실전편 Turtlesim move controller 코드/controller_tutorials/build/controller_tutorials/build/lib/controller_tutorials
copying controller_tutorials/control_rotate.py -> /home/woolim/Documents/for_ROS2_study/R2R 실전편 Turtlesim move controller 코드/controller_tutorials/build/controller_tutorials/build/lib/controller_tutorials
copying controller_tutorials/qmonitor_state_machine.py -> /home/woolim/Documents/for_ROS2_study/R2R 실전편 Turtlesim move controller 코드/controller_tutorials/build/controller_tutorials/build/lib/controller_tutorials
copying controller_tutorials/monitor_for_pose_dual_controller.py -> /home/woolim/Documents/for_ROS2_study/R2R 실전편 Turtlesim move controller 코드/controller_tutorials/build/controller_tutorials/build/lib/controller_tutorials
copying controller_tutorials/monitor_for_move_turtle.py -> /home/woolim/Documents/for_ROS2_study/R2R 실전편 Turtlesim move controller 코드/controller_tutorials/build/controller_tutorials/build/lib/controller_tutorials
copying controller_tutorials/move_turtle.py -> /home/woolim/Documents/for_ROS2_study/R2R 실전편 Turtlesim move controller 코드/controller_tutorials/build/controller_tutorials/build/lib/controller_tutorials
copying controller_tutorials/move_turtle_behavior_tree.py -> /home/woolim/Documents/for_ROS2_study/R2R 실전편 Turtlesim move controller 코드/controller_tutorials/build/controller_tutorials/build/lib/controller_tutorials
running install
running install_lib
creating /home/woolim/Documents/for_ROS2_study/R2R 실전편 Turtlesim move controller 코드/controller_tutorials/install/controller_tutorials/lib/python3.12/site-packages/controller_tutorials
copying /home/woolim/Documents/for_ROS2_study/R2R 실전편 Turtlesim move controller 코드/controller_tutorials/build/controller_tutorials/build/lib/controller_tutorials/control_apps.py -> /home/woolim/Documents/for_ROS2_study/R2R 실전편 Turtlesim move controller 코드/controller_tutorials/install/controller_tutorials/lib/python3.12/site-packages/controller_tutorials
copying /home/woolim/Documents/for_ROS2_study/R2R 실전편 Turtlesim move controller 코드/controller_tutorials/build/controller_tutorials/build/lib/controller_tutorials/__init__.py -> /home/woolim/Documents/for_ROS2_study/R2R 실전편 Turtlesim move controller 코드/controller_tutorials/install/controller_tutorials/lib/python3.12/site-packages/controller_tutorials
copying /home/woolim/Documents/for_ROS2_study/R2R 실전편 Turtlesim move controller 코드/controller_tutorials/build/controller_tutorials/build/lib/controller_tutorials/qmonitor_for_pose_dual_controller.py -> /home/woolim/Documents/for_ROS2_study/R2R 실전편 Turtlesim move controller 코드/controller_tutorials/install/controller_tutorials/lib/python3.12/site-packages/controller_tutorials
copying /home/woolim/Documents/for_ROS2_study/R2R 실전편 Turtlesim move controller 코드/controller_tutorials/build/controller_tutorials/build/lib/controller_tutorials/web_publisher_node.py -> /home/woolim/Documents/for_ROS2_study/R2R 실전편 Turtlesim move controller 코드/controller_tutorials/install/controller_tutorials/lib/python3.12/site-packages/controller_tutorials
copying /home/woolim/Documents/for_ROS2_study/R2R 실전편 Turtlesim move controller 코드/controller_tutorials/build/controller_tutorials/build/lib/controller_tutorials/simple_rotate.py -> /home/woolim/Documents/for_ROS2_study/R2R 실전편 Turtlesim move controller 코드/controller_tutorials/install/controller_tutorials/lib/python3.12/site-packages/controller_tutorials
copying /home/woolim/Documents/for_ROS2_study/R2R 실전편 Turtlesim move controller 코드/controller_tutorials/build/controller_tutorials/build/lib/controller_tutorials/move_turtle_state_machine.py -> /home/woolim/Documents/for_ROS2_study/R2R 실전편 Turtlesim move controller 코드/controller_tutorials/install/controller_tutorials/lib/python3.12/site-packages/controller_tutorials
copying /home/woolim/Documents/for_ROS2_study/R2R 실전편 Turtlesim move controller 코드/controller_tutorials/build/controller_tutorials/build/lib/controller_tutorials/pose_dual_controller.py -> /home/woolim/Documents/for_ROS2_study/R2R 실전편 Turtlesim move controller 코드/controller_tutorials/install/controller_tutorials/lib/python3.12/site-packages/controller_tutorials
copying /home/woolim/Documents/for_ROS2_study/R2R 실전편 Turtlesim move controller 코드/controller_tutorials/build/controller_tutorials/build/lib/controller_tutorials/control_rotate.py -> /home/woolim/Documents/for_ROS2_study/R2R 실전편 Turtlesim move controller 코드/controller_tutorials/install/controller_tutorials/lib/python3.12/site-packages/controller_tutorials
copying /home/woolim/Documents/for_ROS2_study/R2R 실전편 Turtlesim move controller 코드/controller_tutorials/build/controller_tutorials/build/lib/controller_tutorials/qmonitor_state_machine.py -> /home/woolim/Documents/for_ROS2_study/R2R 실전편 Turtlesim move controller 코드/controller_tutorials/install/controller_tutorials/lib/python3.12/site-packages/controller_tutorials
copying /home/woolim/Documents/for_ROS2_study/R2R 실전편 Turtlesim move controller 코드/controller_tutorials/build/controller_tutorials/build/lib/controller_tutorials/monitor_for_pose_dual_controller.py -> /home/woolim/Documents/for_ROS2_study/R2R 실전편 Turtlesim move controller 코드/controller_tutorials/install/controller_tutorials/lib/python3.12/site-packages/controller_tutorials
copying /home/woolim/Documents/for_ROS2_study/R2R 실전편 Turtlesim move controller 코드/controller_tutorials/build/controller_tutorials/build/lib/controller_tutorials/monitor_for_move_turtle.py -> /home/woolim/Documents/for_ROS2_study/R2R 실전편 Turtlesim move controller 코드/controller_tutorials/install/controller_tutorials/lib/python3.12/site-packages/controller_tutorials
copying /home/woolim/Documents/for_ROS2_study/R2R 실전편 Turtlesim move controller 코드/controller_tutorials/build/controller_tutorials/build/lib/controller_tutorials/move_turtle.py -> /home/woolim/Documents/for_ROS2_study/R2R 실전편 Turtlesim move controller 코드/controller_tutorials/install/controller_tutorials/lib/python3.12/site-packages/controller_tutorials
copying /home/woolim/Documents/for_ROS2_study/R2R 실전편 Turtlesim move controller 코드/controller_tutorials/build/controller_tutorials/build/lib/controller_tutorials/move_turtle_behavior_tree.py -> /home/woolim/Documents/for_ROS2_study/R2R 실전편 Turtlesim move controller 코드/controller_tutorials/install/controller_tutorials/lib/python3.12/site-packages/controller_tutorials
byte-compiling /home/woolim/Documents/for_ROS2_study/R2R 실전편 Turtlesim move controller 코드/controller_tutorials/install/controller_tutorials/lib/python3.12/site-packages/controller_tutorials/control_apps.py to control_apps.cpython-312.pyc
byte-compiling /home/woolim/Documents/for_ROS2_study/R2R 실전편 Turtlesim move controller 코드/controller_tutorials/install/controller_tutorials/lib/python3.12/site-packages/controller_tutorials/__init__.py to __init__.cpython-312.pyc
byte-compiling /home/woolim/Documents/for_ROS2_study/R2R 실전편 Turtlesim move controller 코드/controller_tutorials/install/controller_tutorials/lib/python3.12/site-packages/controller_tutorials/qmonitor_for_pose_dual_controller.py to qmonitor_for_pose_dual_controller.cpython-312.pyc
byte-compiling /home/woolim/Documents/for_ROS2_study/R2R 실전편 Turtlesim move controller 코드/controller_tutorials/install/controller_tutorials/lib/python3.12/site-packages/controller_tutorials/web_publisher_node.py to web_publisher_node.cpython-312.pyc
byte-compiling /home/woolim/Documents/for_ROS2_study/R2R 실전편 Turtlesim move controller 코드/controller_tutorials/install/controller_tutorials/lib/python3.12/site-packages/controller_tutorials/simple_rotate.py to simple_rotate.cpython-312.pyc
byte-compiling /home/woolim/Documents/for_ROS2_study/R2R 실전편 Turtlesim move controller 코드/controller_tutorials/install/controller_tutorials/lib/python3.12/site-packages/controller_tutorials/move_turtle_state_machine.py to move_turtle_state_machine.cpython-312.pyc
byte-compiling /home/woolim/Documents/for_ROS2_study/R2R 실전편 Turtlesim move controller 코드/controller_tutorials/install/controller_tutorials/lib/python3.12/site-packages/controller_tutorials/pose_dual_controller.py to pose_dual_controller.cpython-312.pyc
byte-compiling /home/woolim/Documents/for_ROS2_study/R2R 실전편 Turtlesim move controller 코드/controller_tutorials/install/controller_tutorials/lib/python3.12/site-packages/controller_tutorials/control_rotate.py to control_rotate.cpython-312.pyc
byte-compiling /home/woolim/Documents/for_ROS2_study/R2R 실전편 Turtlesim move controller 코드/controller_tutorials/install/controller_tutorials/lib/python3.12/site-packages/controller_tutorials/qmonitor_state_machine.py to qmonitor_state_machine.cpython-312.pyc
byte-compiling /home/woolim/Documents/for_ROS2_study/R2R 실전편 Turtlesim move controller 코드/controller_tutorials/install/controller_tutorials/lib/python3.12/site-packages/controller_tutorials/monitor_for_pose_dual_controller.py to monitor_for_pose_dual_controller.cpython-312.pyc
byte-compiling /home/woolim/Documents/for_ROS2_study/R2R 실전편 Turtlesim move controller 코드/controller_tutorials/install/controller_tutorials/lib/python3.12/site-packages/controller_tutorials/monitor_for_move_turtle.py to monitor_for_move_turtle.cpython-312.pyc
byte-compiling /home/woolim/Documents/for_ROS2_study/R2R 실전편 Turtlesim move controller 코드/controller_tutorials/install/controller_tutorials/lib/python3.12/site-packages/controller_tutorials/move_turtle.py to move_turtle.cpython-312.pyc
byte-compiling /home/woolim/Documents/for_ROS2_study/R2R 실전편 Turtlesim move controller 코드/controller_tutorials/install/controller_tutorials/lib/python3.12/site-packages/controller_tutorials/move_turtle_behavior_tree.py to move_turtle_behavior_tree.cpython-312.pyc
running install_data
creating /home/woolim/Documents/for_ROS2_study/R2R 실전편 Turtlesim move controller 코드/controller_tutorials/install/controller_tutorials/share/ament_index
creating /home/woolim/Documents/for_ROS2_study/R2R 실전편 Turtlesim move controller 코드/controller_tutorials/install/controller_tutorials/share/ament_index/resource_index
creating /home/woolim/Documents/for_ROS2_study/R2R 실전편 Turtlesim move controller 코드/controller_tutorials/install/controller_tutorials/share/ament_index/resource_index/packages
copying resource/controller_tutorials -> /home/woolim/Documents/for_ROS2_study/R2R 실전편 Turtlesim move controller 코드/controller_tutorials/install/controller_tutorials/share/ament_index/resource_index/packages
copying package.xml -> /home/woolim/Documents/for_ROS2_study/R2R 실전편 Turtlesim move controller 코드/controller_tutorials/install/controller_tutorials/share/controller_tutorials
running install_egg_info
Copying build/controller_tutorials/controller_tutorials.egg-info to /home/woolim/Documents/for_ROS2_study/R2R 실전편 Turtlesim move controller 코드/controller_tutorials/install/controller_tutorials/lib/python3.12/site-packages/controller_tutorials-0.0.0-py3.12.egg-info
running install_scripts
Installing control_rotate script to /home/woolim/Documents/for_ROS2_study/R2R 실전편 Turtlesim move controller 코드/controller_tutorials/install/controller_tutorials/lib/controller_tutorials
Installing monitor_for_move_turtle script to /home/woolim/Documents/for_ROS2_study/R2R 실전편 Turtlesim move controller 코드/controller_tutorials/install/controller_tutorials/lib/controller_tutorials
Installing move_turtle script to /home/woolim/Documents/for_ROS2_study/R2R 실전편 Turtlesim move controller 코드/controller_tutorials/install/controller_tutorials/lib/controller_tutorials
Installing move_turtle_state_machine script to /home/woolim/Documents/for_ROS2_study/R2R 실전편 Turtlesim move controller 코드/controller_tutorials/install/controller_tutorials/lib/controller_tutorials
Installing pose_dual_controller script to /home/woolim/Documents/for_ROS2_study/R2R 실전편 Turtlesim move controller 코드/controller_tutorials/install/controller_tutorials/lib/controller_tutorials
Installing qmonitor_for_pose_dual_controller script to /home/woolim/Documents/for_ROS2_study/R2R 실전편 Turtlesim move controller 코드/controller_tutorials/install/controller_tutorials/lib/controller_tutorials
Installing qmonitor_state_machine script to /home/woolim/Documents/for_ROS2_study/R2R 실전편 Turtlesim move controller 코드/controller_tutorials/install/controller_tutorials/lib/controller_tutorials
Installing simple_rotate script to /home/woolim/Documents/for_ROS2_study/R2R 실전편 Turtlesim move controller 코드/controller_tutorials/install/controller_tutorials/lib/controller_tutorials
writing list of installed files to '/home/woolim/Documents/for_ROS2_study/R2R 실전편 Turtlesim move controller 코드/controller_tutorials/build/controller_tutorials/install.log'
