[0.396s] Invoking command in '/home/woolim/Documents/for_ROS2_study/R2R 실전편 Turtlesim move controller 코드/controller_tutorials': PYTHONPATH=/home/woolim/Documents/for_ROS2_study/R2R 실전편 Turtlesim move controller 코드/controller_tutorials/build/controller_tutorials/prefix_override:/usr/lib/python3/dist-packages/colcon_core/task/python/colcon_distutils_commands:/home/woolim/Documents/for_ROS2_study/R2R 실전편 Turtlesim move controller 코드/controller_tutorials/install/controller_tutorials/lib/python3.12/site-packages:${PYTHONPATH} VIRTUAL_ENV_PROMPT=(jazzy) /usr/bin/python3 -W ignore:setup.py install is deprecated -W ignore:easy_install command is deprecated setup.py egg_info --egg-base build/controller_tutorials build --build-base /home/woolim/Documents/for_ROS2_study/R2R 실전편 Turtlesim move controller 코드/controller_tutorials/build/controller_tutorials/build install --record /home/woolim/Documents/for_ROS2_study/R2R 실전편 Turtlesim move controller 코드/controller_tutorials/build/controller_tutorials/install.log --single-version-externally-managed install_data
[0.485s] running egg_info
[0.485s] creating build/controller_tutorials/controller_tutorials.egg-info
[0.490s] writing build/controller_tutorials/controller_tutorials.egg-info/PKG-INFO
[0.490s] writing dependency_links to build/controller_tutorials/controller_tutorials.egg-info/dependency_links.txt
[0.491s] writing entry points to build/controller_tutorials/controller_tutorials.egg-info/entry_points.txt
[0.491s] writing requirements to build/controller_tutorials/controller_tutorials.egg-info/requires.txt
[0.491s] writing top-level names to build/controller_tutorials/controller_tutorials.egg-info/top_level.txt
[0.491s] writing manifest file 'build/controller_tutorials/controller_tutorials.egg-info/SOURCES.txt'
[0.502s] reading manifest file 'build/controller_tutorials/controller_tutorials.egg-info/SOURCES.txt'
[0.503s] writing manifest file 'build/controller_tutorials/controller_tutorials.egg-info/SOURCES.txt'
[0.503s] running build
[0.503s] running build_py
[0.503s] creating /home/woolim/Documents/for_ROS2_study/R2R 실전편 Turtlesim move controller 코드/controller_tutorials/build/controller_tutorials/build
[0.503s] creating /home/woolim/Documents/for_ROS2_study/R2R 실전편 Turtlesim move controller 코드/controller_tutorials/build/controller_tutorials/build/lib
[0.503s] creating /home/woolim/Documents/for_ROS2_study/R2R 실전편 Turtlesim move controller 코드/controller_tutorials/build/controller_tutorials/build/lib/controller_tutorials
[0.503s] copying controller_tutorials/control_apps.py -> /home/woolim/Documents/for_ROS2_study/R2R 실전편 Turtlesim move controller 코드/controller_tutorials/build/controller_tutorials/build/lib/controller_tutorials
[0.503s] copying controller_tutorials/__init__.py -> /home/woolim/Documents/for_ROS2_study/R2R 실전편 Turtlesim move controller 코드/controller_tutorials/build/controller_tutorials/build/lib/controller_tutorials
[0.503s] copying controller_tutorials/qmonitor_for_pose_dual_controller.py -> /home/woolim/Documents/for_ROS2_study/R2R 실전편 Turtlesim move controller 코드/controller_tutorials/build/controller_tutorials/build/lib/controller_tutorials
[0.503s] copying controller_tutorials/web_publisher_node.py -> /home/woolim/Documents/for_ROS2_study/R2R 실전편 Turtlesim move controller 코드/controller_tutorials/build/controller_tutorials/build/lib/controller_tutorials
[0.503s] copying controller_tutorials/simple_rotate.py -> /home/woolim/Documents/for_ROS2_study/R2R 실전편 Turtlesim move controller 코드/controller_tutorials/build/controller_tutorials/build/lib/controller_tutorials
[0.503s] copying controller_tutorials/move_turtle_state_machine.py -> /home/woolim/Documents/for_ROS2_study/R2R 실전편 Turtlesim move controller 코드/controller_tutorials/build/controller_tutorials/build/lib/controller_tutorials
[0.503s] copying controller_tutorials/pose_dual_controller.py -> /home/woolim/Documents/for_ROS2_study/R2R 실전편 Turtlesim move controller 코드/controller_tutorials/build/controller_tutorials/build/lib/controller_tutorials
[0.504s] copying controller_tutorials/control_rotate.py -> /home/woolim/Documents/for_ROS2_study/R2R 실전편 Turtlesim move controller 코드/controller_tutorials/build/controller_tutorials/build/lib/controller_tutorials
[0.504s] copying controller_tutorials/qmonitor_state_machine.py -> /home/woolim/Documents/for_ROS2_study/R2R 실전편 Turtlesim move controller 코드/controller_tutorials/build/controller_tutorials/build/lib/controller_tutorials
[0.504s] copying controller_tutorials/monitor_for_pose_dual_controller.py -> /home/woolim/Documents/for_ROS2_study/R2R 실전편 Turtlesim move controller 코드/controller_tutorials/build/controller_tutorials/build/lib/controller_tutorials
[0.504s] copying controller_tutorials/monitor_for_move_turtle.py -> /home/woolim/Documents/for_ROS2_study/R2R 실전편 Turtlesim move controller 코드/controller_tutorials/build/controller_tutorials/build/lib/controller_tutorials
[0.504s] copying controller_tutorials/move_turtle.py -> /home/woolim/Documents/for_ROS2_study/R2R 실전편 Turtlesim move controller 코드/controller_tutorials/build/controller_tutorials/build/lib/controller_tutorials
[0.504s] copying controller_tutorials/move_turtle_behavior_tree.py -> /home/woolim/Documents/for_ROS2_study/R2R 실전편 Turtlesim move controller 코드/controller_tutorials/build/controller_tutorials/build/lib/controller_tutorials
[0.504s] running install
[0.506s] running install_lib
[0.512s] creating /home/woolim/Documents/for_ROS2_study/R2R 실전편 Turtlesim move controller 코드/controller_tutorials/install/controller_tutorials/lib/python3.12/site-packages/controller_tutorials
[0.512s] copying /home/woolim/Documents/for_ROS2_study/R2R 실전편 Turtlesim move controller 코드/controller_tutorials/build/controller_tutorials/build/lib/controller_tutorials/control_apps.py -> /home/woolim/Documents/for_ROS2_study/R2R 실전편 Turtlesim move controller 코드/controller_tutorials/install/controller_tutorials/lib/python3.12/site-packages/controller_tutorials
[0.512s] copying /home/woolim/Documents/for_ROS2_study/R2R 실전편 Turtlesim move controller 코드/controller_tutorials/build/controller_tutorials/build/lib/controller_tutorials/__init__.py -> /home/woolim/Documents/for_ROS2_study/R2R 실전편 Turtlesim move controller 코드/controller_tutorials/install/controller_tutorials/lib/python3.12/site-packages/controller_tutorials
[0.512s] copying /home/woolim/Documents/for_ROS2_study/R2R 실전편 Turtlesim move controller 코드/controller_tutorials/build/controller_tutorials/build/lib/controller_tutorials/qmonitor_for_pose_dual_controller.py -> /home/woolim/Documents/for_ROS2_study/R2R 실전편 Turtlesim move controller 코드/controller_tutorials/install/controller_tutorials/lib/python3.12/site-packages/controller_tutorials
[0.513s] copying /home/woolim/Documents/for_ROS2_study/R2R 실전편 Turtlesim move controller 코드/controller_tutorials/build/controller_tutorials/build/lib/controller_tutorials/web_publisher_node.py -> /home/woolim/Documents/for_ROS2_study/R2R 실전편 Turtlesim move controller 코드/controller_tutorials/install/controller_tutorials/lib/python3.12/site-packages/controller_tutorials
[0.513s] copying /home/woolim/Documents/for_ROS2_study/R2R 실전편 Turtlesim move controller 코드/controller_tutorials/build/controller_tutorials/build/lib/controller_tutorials/simple_rotate.py -> /home/woolim/Documents/for_ROS2_study/R2R 실전편 Turtlesim move controller 코드/controller_tutorials/install/controller_tutorials/lib/python3.12/site-packages/controller_tutorials
[0.513s] copying /home/woolim/Documents/for_ROS2_study/R2R 실전편 Turtlesim move controller 코드/controller_tutorials/build/controller_tutorials/build/lib/controller_tutorials/move_turtle_state_machine.py -> /home/woolim/Documents/for_ROS2_study/R2R 실전편 Turtlesim move controller 코드/controller_tutorials/install/controller_tutorials/lib/python3.12/site-packages/controller_tutorials
[0.513s] copying /home/woolim/Documents/for_ROS2_study/R2R 실전편 Turtlesim move controller 코드/controller_tutorials/build/controller_tutorials/build/lib/controller_tutorials/pose_dual_controller.py -> /home/woolim/Documents/for_ROS2_study/R2R 실전편 Turtlesim move controller 코드/controller_tutorials/install/controller_tutorials/lib/python3.12/site-packages/controller_tutorials
[0.513s] copying /home/woolim/Documents/for_ROS2_study/R2R 실전편 Turtlesim move controller 코드/controller_tutorials/build/controller_tutorials/build/lib/controller_tutorials/control_rotate.py -> /home/woolim/Documents/for_ROS2_study/R2R 실전편 Turtlesim move controller 코드/controller_tutorials/install/controller_tutorials/lib/python3.12/site-packages/controller_tutorials
[0.513s] copying /home/woolim/Documents/for_ROS2_study/R2R 실전편 Turtlesim move controller 코드/controller_tutorials/build/controller_tutorials/build/lib/controller_tutorials/qmonitor_state_machine.py -> /home/woolim/Documents/for_ROS2_study/R2R 실전편 Turtlesim move controller 코드/controller_tutorials/install/controller_tutorials/lib/python3.12/site-packages/controller_tutorials
[0.513s] copying /home/woolim/Documents/for_ROS2_study/R2R 실전편 Turtlesim move controller 코드/controller_tutorials/build/controller_tutorials/build/lib/controller_tutorials/monitor_for_pose_dual_controller.py -> /home/woolim/Documents/for_ROS2_study/R2R 실전편 Turtlesim move controller 코드/controller_tutorials/install/controller_tutorials/lib/python3.12/site-packages/controller_tutorials
[0.513s] copying /home/woolim/Documents/for_ROS2_study/R2R 실전편 Turtlesim move controller 코드/controller_tutorials/build/controller_tutorials/build/lib/controller_tutorials/monitor_for_move_turtle.py -> /home/woolim/Documents/for_ROS2_study/R2R 실전편 Turtlesim move controller 코드/controller_tutorials/install/controller_tutorials/lib/python3.12/site-packages/controller_tutorials
[0.513s] copying /home/woolim/Documents/for_ROS2_study/R2R 실전편 Turtlesim move controller 코드/controller_tutorials/build/controller_tutorials/build/lib/controller_tutorials/move_turtle.py -> /home/woolim/Documents/for_ROS2_study/R2R 실전편 Turtlesim move controller 코드/controller_tutorials/install/controller_tutorials/lib/python3.12/site-packages/controller_tutorials
[0.513s] copying /home/woolim/Documents/for_ROS2_study/R2R 실전편 Turtlesim move controller 코드/controller_tutorials/build/controller_tutorials/build/lib/controller_tutorials/move_turtle_behavior_tree.py -> /home/woolim/Documents/for_ROS2_study/R2R 실전편 Turtlesim move controller 코드/controller_tutorials/install/controller_tutorials/lib/python3.12/site-packages/controller_tutorials
[0.513s] byte-compiling /home/woolim/Documents/for_ROS2_study/R2R 실전편 Turtlesim move controller 코드/controller_tutorials/install/controller_tutorials/lib/python3.12/site-packages/controller_tutorials/control_apps.py to control_apps.cpython-312.pyc
[0.513s] byte-compiling /home/woolim/Documents/for_ROS2_study/R2R 실전편 Turtlesim move controller 코드/controller_tutorials/install/controller_tutorials/lib/python3.12/site-packages/controller_tutorials/__init__.py to __init__.cpython-312.pyc
[0.513s] byte-compiling /home/woolim/Documents/for_ROS2_study/R2R 실전편 Turtlesim move controller 코드/controller_tutorials/install/controller_tutorials/lib/python3.12/site-packages/controller_tutorials/qmonitor_for_pose_dual_controller.py to qmonitor_for_pose_dual_controller.cpython-312.pyc
[0.514s] byte-compiling /home/woolim/Documents/for_ROS2_study/R2R 실전편 Turtlesim move controller 코드/controller_tutorials/install/controller_tutorials/lib/python3.12/site-packages/controller_tutorials/web_publisher_node.py to web_publisher_node.cpython-312.pyc
[0.515s] byte-compiling /home/woolim/Documents/for_ROS2_study/R2R 실전편 Turtlesim move controller 코드/controller_tutorials/install/controller_tutorials/lib/python3.12/site-packages/controller_tutorials/simple_rotate.py to simple_rotate.cpython-312.pyc
[0.515s] byte-compiling /home/woolim/Documents/for_ROS2_study/R2R 실전편 Turtlesim move controller 코드/controller_tutorials/install/controller_tutorials/lib/python3.12/site-packages/controller_tutorials/move_turtle_state_machine.py to move_turtle_state_machine.cpython-312.pyc
[0.516s] byte-compiling /home/woolim/Documents/for_ROS2_study/R2R 실전편 Turtlesim move controller 코드/controller_tutorials/install/controller_tutorials/lib/python3.12/site-packages/controller_tutorials/pose_dual_controller.py to pose_dual_controller.cpython-312.pyc
[0.517s] byte-compiling /home/woolim/Documents/for_ROS2_study/R2R 실전편 Turtlesim move controller 코드/controller_tutorials/install/controller_tutorials/lib/python3.12/site-packages/controller_tutorials/control_rotate.py to control_rotate.cpython-312.pyc
[0.517s] byte-compiling /home/woolim/Documents/for_ROS2_study/R2R 실전편 Turtlesim move controller 코드/controller_tutorials/install/controller_tutorials/lib/python3.12/site-packages/controller_tutorials/qmonitor_state_machine.py to qmonitor_state_machine.cpython-312.pyc
[0.518s] byte-compiling /home/woolim/Documents/for_ROS2_study/R2R 실전편 Turtlesim move controller 코드/controller_tutorials/install/controller_tutorials/lib/python3.12/site-packages/controller_tutorials/monitor_for_pose_dual_controller.py to monitor_for_pose_dual_controller.cpython-312.pyc
[0.519s] byte-compiling /home/woolim/Documents/for_ROS2_study/R2R 실전편 Turtlesim move controller 코드/controller_tutorials/install/controller_tutorials/lib/python3.12/site-packages/controller_tutorials/monitor_for_move_turtle.py to monitor_for_move_turtle.cpython-312.pyc
[0.519s] byte-compiling /home/woolim/Documents/for_ROS2_study/R2R 실전편 Turtlesim move controller 코드/controller_tutorials/install/controller_tutorials/lib/python3.12/site-packages/controller_tutorials/move_turtle.py to move_turtle.cpython-312.pyc
[0.520s] byte-compiling /home/woolim/Documents/for_ROS2_study/R2R 실전편 Turtlesim move controller 코드/controller_tutorials/install/controller_tutorials/lib/python3.12/site-packages/controller_tutorials/move_turtle_behavior_tree.py to move_turtle_behavior_tree.cpython-312.pyc
[0.521s] running install_data
[0.521s] creating /home/woolim/Documents/for_ROS2_study/R2R 실전편 Turtlesim move controller 코드/controller_tutorials/install/controller_tutorials/share/ament_index
[0.521s] creating /home/woolim/Documents/for_ROS2_study/R2R 실전편 Turtlesim move controller 코드/controller_tutorials/install/controller_tutorials/share/ament_index/resource_index
[0.521s] creating /home/woolim/Documents/for_ROS2_study/R2R 실전편 Turtlesim move controller 코드/controller_tutorials/install/controller_tutorials/share/ament_index/resource_index/packages
[0.522s] copying resource/controller_tutorials -> /home/woolim/Documents/for_ROS2_study/R2R 실전편 Turtlesim move controller 코드/controller_tutorials/install/controller_tutorials/share/ament_index/resource_index/packages
[0.522s] copying package.xml -> /home/woolim/Documents/for_ROS2_study/R2R 실전편 Turtlesim move controller 코드/controller_tutorials/install/controller_tutorials/share/controller_tutorials
[0.522s] running install_egg_info
[0.528s] Copying build/controller_tutorials/controller_tutorials.egg-info to /home/woolim/Documents/for_ROS2_study/R2R 실전편 Turtlesim move controller 코드/controller_tutorials/install/controller_tutorials/lib/python3.12/site-packages/controller_tutorials-0.0.0-py3.12.egg-info
[0.529s] running install_scripts
[0.574s] Installing control_rotate script to /home/woolim/Documents/for_ROS2_study/R2R 실전편 Turtlesim move controller 코드/controller_tutorials/install/controller_tutorials/lib/controller_tutorials
[0.574s] Installing monitor_for_move_turtle script to /home/woolim/Documents/for_ROS2_study/R2R 실전편 Turtlesim move controller 코드/controller_tutorials/install/controller_tutorials/lib/controller_tutorials
[0.574s] Installing move_turtle script to /home/woolim/Documents/for_ROS2_study/R2R 실전편 Turtlesim move controller 코드/controller_tutorials/install/controller_tutorials/lib/controller_tutorials
[0.574s] Installing move_turtle_state_machine script to /home/woolim/Documents/for_ROS2_study/R2R 실전편 Turtlesim move controller 코드/controller_tutorials/install/controller_tutorials/lib/controller_tutorials
[0.574s] Installing pose_dual_controller script to /home/woolim/Documents/for_ROS2_study/R2R 실전편 Turtlesim move controller 코드/controller_tutorials/install/controller_tutorials/lib/controller_tutorials
[0.574s] Installing qmonitor_for_pose_dual_controller script to /home/woolim/Documents/for_ROS2_study/R2R 실전편 Turtlesim move controller 코드/controller_tutorials/install/controller_tutorials/lib/controller_tutorials
[0.574s] Installing qmonitor_state_machine script to /home/woolim/Documents/for_ROS2_study/R2R 실전편 Turtlesim move controller 코드/controller_tutorials/install/controller_tutorials/lib/controller_tutorials
[0.574s] Installing simple_rotate script to /home/woolim/Documents/for_ROS2_study/R2R 실전편 Turtlesim move controller 코드/controller_tutorials/install/controller_tutorials/lib/controller_tutorials
[0.574s] writing list of installed files to '/home/woolim/Documents/for_ROS2_study/R2R 실전편 Turtlesim move controller 코드/controller_tutorials/build/controller_tutorials/install.log'
[0.587s] Invoked command in '/home/woolim/Documents/for_ROS2_study/R2R 실전편 Turtlesim move controller 코드/controller_tutorials' returned '0': PYTHONPATH=/home/woolim/Documents/for_ROS2_study/R2R 실전편 Turtlesim move controller 코드/controller_tutorials/build/controller_tutorials/prefix_override:/usr/lib/python3/dist-packages/colcon_core/task/python/colcon_distutils_commands:/home/woolim/Documents/for_ROS2_study/R2R 실전편 Turtlesim move controller 코드/controller_tutorials/install/controller_tutorials/lib/python3.12/site-packages:${PYTHONPATH} VIRTUAL_ENV_PROMPT=(jazzy) /usr/bin/python3 -W ignore:setup.py install is deprecated -W ignore:easy_install command is deprecated setup.py egg_info --egg-base build/controller_tutorials build --build-base /home/woolim/Documents/for_ROS2_study/R2R 실전편 Turtlesim move controller 코드/controller_tutorials/build/controller_tutorials/build install --record /home/woolim/Documents/for_ROS2_study/R2R 실전편 Turtlesim move controller 코드/controller_tutorials/build/controller_tutorials/install.log --single-version-externally-managed install_data
